c:\users\duboismx\documents\github\dynamicresolutionrendering\dynamic resolution rendering update\win32\profile\dynamicresolutionrendering\vc140.pdb
c:\users\duboismx\documents\github\dynamicresolutionrendering\dynamic resolution rendering update\win32\profile\dynamicresolutionrendering\zoombox.obj
c:\users\duboismx\documents\github\dynamicresolutionrendering\dynamic resolution rendering update\win32\profile\dynamicresolutionrendering\gputimer.obj
c:\users\duboismx\documents\github\dynamicresolutionrendering\dynamic resolution rendering update\win32\profile\dynamicresolutionrendering\scenedescription.obj
c:\users\duboismx\documents\github\dynamicresolutionrendering\dynamic resolution rendering update\win32\profile\dynamicresolutionrendering\texgenutils.obj
c:\users\duboismx\documents\github\dynamicresolutionrendering\dynamic resolution rendering update\win32\profile\dynamicresolutionrendering\sdkmeshext.obj
c:\users\duboismx\documents\github\dynamicresolutionrendering\dynamic resolution rendering update\win32\profile\dynamicresolutionrendering\scene.obj
c:\users\duboismx\documents\github\dynamicresolutionrendering\dynamic resolution rendering update\win32\profile\dynamicresolutionrendering\utility.obj
c:\users\duboismx\documents\github\dynamicresolutionrendering\dynamic resolution rendering update\win32\profile\dynamicresolutionrendering\dynamicresolution.obj
c:\users\duboismx\documents\github\dynamicresolutionrendering\dynamic resolution rendering update\win32\profile\dynamicresolutionrendering\dynamicresolutionrendering.obj
c:\users\duboismx\documents\github\dynamicresolutionrendering\dynamic resolution rendering update\win32\profile\dynamicresolutionrendering.exe
c:\users\duboismx\documents\github\dynamicresolutionrendering\dynamic resolution rendering update\win32\profile\dynamicresolutionrendering.pdb
c:\users\duboismx\documents\github\dynamicresolutionrendering\dynamic resolution rendering update\win32\profile\dynamicresolutionrendering\dynamicresolutionrendering.res
c:\users\duboismx\documents\github\dynamicresolutionrendering\dynamic resolution rendering update\win32\profile\dynamicresolutionrendering\dynamicresolutionrendering.vcxprojresolveassemblyreference.cache
c:\users\duboismx\documents\github\dynamicresolutionrendering\dynamic resolution rendering update\\win32\profile\dynamicresolutionrendering.pdb
c:\users\duboismx\documents\github\dynamicresolutionrendering\dynamic resolution rendering update\\win32\profile\dynamicresolutionrendering.exe
c:\users\duboismx\documents\github\dynamicresolutionrendering\dynamic resolution rendering update\win32\profile\dynamicresolutionrendering\dynamicr.8cc4fa5c.tlog\cl.command.1.tlog
c:\users\duboismx\documents\github\dynamicresolutionrendering\dynamic resolution rendering update\win32\profile\dynamicresolutionrendering\dynamicr.8cc4fa5c.tlog\cl.read.1.tlog
c:\users\duboismx\documents\github\dynamicresolutionrendering\dynamic resolution rendering update\win32\profile\dynamicresolutionrendering\dynamicr.8cc4fa5c.tlog\cl.write.1.tlog
c:\users\duboismx\documents\github\dynamicresolutionrendering\dynamic resolution rendering update\win32\profile\dynamicresolutionrendering\dynamicr.8cc4fa5c.tlog\link.command.1.tlog
c:\users\duboismx\documents\github\dynamicresolutionrendering\dynamic resolution rendering update\win32\profile\dynamicresolutionrendering\dynamicr.8cc4fa5c.tlog\link.read.1.tlog
c:\users\duboismx\documents\github\dynamicresolutionrendering\dynamic resolution rendering update\win32\profile\dynamicresolutionrendering\dynamicr.8cc4fa5c.tlog\link.write.1.tlog
c:\users\duboismx\documents\github\dynamicresolutionrendering\dynamic resolution rendering update\win32\profile\dynamicresolutionrendering\dynamicr.8cc4fa5c.tlog\rc.command.1.tlog
c:\users\duboismx\documents\github\dynamicresolutionrendering\dynamic resolution rendering update\win32\profile\dynamicresolutionrendering\dynamicr.8cc4fa5c.tlog\rc.read.1.tlog
c:\users\duboismx\documents\github\dynamicresolutionrendering\dynamic resolution rendering update\win32\profile\dynamicresolutionrendering\dynamicr.8cc4fa5c.tlog\rc.write.1.tlog
