c:\users\duboismx\documents\github\dynamicresolutionrendering\dynamic resolution rendering update\win32\profile\dynamicresolutionrendering_2015\vc140.pdb
c:\users\duboismx\documents\github\dynamicresolutionrendering\dynamic resolution rendering update\win32\profile\dynamicresolutionrendering_2015\zoombox.obj
c:\users\duboismx\documents\github\dynamicresolutionrendering\dynamic resolution rendering update\win32\profile\dynamicresolutionrendering_2015\gputimer.obj
c:\users\duboismx\documents\github\dynamicresolutionrendering\dynamic resolution rendering update\win32\profile\dynamicresolutionrendering_2015\scenedescription.obj
c:\users\duboismx\documents\github\dynamicresolutionrendering\dynamic resolution rendering update\win32\profile\dynamicresolutionrendering_2015\texgenutils.obj
c:\users\duboismx\documents\github\dynamicresolutionrendering\dynamic resolution rendering update\win32\profile\dynamicresolutionrendering_2015\sdkmeshext.obj
c:\users\duboismx\documents\github\dynamicresolutionrendering\dynamic resolution rendering update\win32\profile\dynamicresolutionrendering_2015\scene.obj
c:\users\duboismx\documents\github\dynamicresolutionrendering\dynamic resolution rendering update\win32\profile\dynamicresolutionrendering_2015\utility.obj
c:\users\duboismx\documents\github\dynamicresolutionrendering\dynamic resolution rendering update\win32\profile\dynamicresolutionrendering_2015\dynamicresolution.obj
c:\users\duboismx\documents\github\dynamicresolutionrendering\dynamic resolution rendering update\win32\profile\dynamicresolutionrendering_2015\dynamicresolutionrendering.obj
c:\users\duboismx\documents\github\dynamicresolutionrendering\dynamic resolution rendering update\win32\profile\dynamicresolutionrendering_2015.exe
c:\users\duboismx\documents\github\dynamicresolutionrendering\dynamic resolution rendering update\win32\profile\dynamicresolutionrendering_2015.ipdb
c:\users\duboismx\documents\github\dynamicresolutionrendering\dynamic resolution rendering update\win32\profile\dynamicresolutionrendering_2015.iobj
c:\users\duboismx\documents\github\dynamicresolutionrendering\dynamic resolution rendering update\win32\profile\dynamicresolutionrendering_2015.pdb
c:\users\duboismx\documents\github\dynamicresolutionrendering\dynamic resolution rendering update\win32\profile\dynamicresolutionrendering_2015\dynamicresolutionrendering.res
c:\users\duboismx\documents\github\dynamicresolutionrendering\dynamic resolution rendering update\win32\profile\dynamicresolutionrendering_2015\dynamicresolutionrendering_2015.vcxprojresolveassemblyreference.cache
c:\users\duboismx\documents\github\dynamicresolutionrendering\dynamic resolution rendering update\\win32\profile\dynamicresolutionrendering_2015.pdb
c:\users\duboismx\documents\github\dynamicresolutionrendering\dynamic resolution rendering update\\win32\profile\dynamicresolutionrendering_2015.exe
c:\users\duboismx\documents\github\dynamicresolutionrendering\dynamic resolution rendering update\win32\profile\dynamicresolutionrendering_2015\dynamicr.8cc4fa5c.tlog\cl.command.1.tlog
c:\users\duboismx\documents\github\dynamicresolutionrendering\dynamic resolution rendering update\win32\profile\dynamicresolutionrendering_2015\dynamicr.8cc4fa5c.tlog\cl.read.1.tlog
c:\users\duboismx\documents\github\dynamicresolutionrendering\dynamic resolution rendering update\win32\profile\dynamicresolutionrendering_2015\dynamicr.8cc4fa5c.tlog\cl.write.1.tlog
c:\users\duboismx\documents\github\dynamicresolutionrendering\dynamic resolution rendering update\win32\profile\dynamicresolutionrendering_2015\dynamicr.8cc4fa5c.tlog\link.command.1.tlog
c:\users\duboismx\documents\github\dynamicresolutionrendering\dynamic resolution rendering update\win32\profile\dynamicresolutionrendering_2015\dynamicr.8cc4fa5c.tlog\link.read.1.tlog
c:\users\duboismx\documents\github\dynamicresolutionrendering\dynamic resolution rendering update\win32\profile\dynamicresolutionrendering_2015\dynamicr.8cc4fa5c.tlog\link.write.1.tlog
c:\users\duboismx\documents\github\dynamicresolutionrendering\dynamic resolution rendering update\win32\profile\dynamicresolutionrendering_2015\dynamicr.8cc4fa5c.tlog\rc.command.1.tlog
c:\users\duboismx\documents\github\dynamicresolutionrendering\dynamic resolution rendering update\win32\profile\dynamicresolutionrendering_2015\dynamicr.8cc4fa5c.tlog\rc.read.1.tlog
c:\users\duboismx\documents\github\dynamicresolutionrendering\dynamic resolution rendering update\win32\profile\dynamicresolutionrendering_2015\dynamicr.8cc4fa5c.tlog\rc.write.1.tlog
